<?xml version="1.0" encoding="UTF-8"?>
<testng-results skipped="0" failed="0" ignored="0" total="1" passed="1">
  <reporter-output>
  </reporter-output>
  <suite name="Suite" duration-ms="11349" started-at="2019-10-29T09:31:16Z" finished-at="2019-10-29T09:31:28Z">
    <groups>
    </groups>
    <test name="Test" duration-ms="11349" started-at="2019-10-29T09:31:16Z" finished-at="2019-10-29T09:31:28Z">
      <class name="Test1">
        <test-method status="PASS" signature="test()[pri:0, instance:Test1@27efef64]" name="test" duration-ms="11286" started-at="2019-10-29T09:31:16Z" finished-at="2019-10-29T09:31:28Z">
          <reporter-output>
          </reporter-output>
        </test-method> <!-- test -->
      </class> <!-- Test1 -->
    </test> <!-- Test -->
  </suite> <!-- Suite -->
</testng-results>
